<?xml version="1.0" encoding="UTF-8"?><testsuite errors="1" failures="0" name="Tools Property" skipped="0" tests="2" time="93.08" timestamp="2019-02-25 02:37:50"><testcase name="Property request"><error message="Timed out after 20 seconds. Element not available&#10;Build info: version: '3.141.5', revision: 'd54ebd709a', time: '2018-11-06T11:42:16'&#10;System info: host: 'CAMDUC', ip: '172.30.70.53', os.name: 'Windows 7', os.arch: 'amd64', os.version: '6.1', java.version: '1.8.0_191'&#10;Driver info: driver.version: unknown&#10;Build info: version: '3.141.5', revision: 'd54ebd709a', time: '2018-11-06T11:42:16'&#10;System info: host: 'CAMDUC', ip: '172.30.70.53', os.name: 'Windows 7', os.arch: 'amd64', os.version: '6.1', java.version: '1.8.0_191'&#10;Driver info: driver.version: unknown" type="org.openqa.selenium.ElementNotVisibleException">Timed out after 20 seconds. Element not available
Build info: version: '3.141.5', revision: 'd54ebd709a', time: '2018-11-06T11:42:16'
System info: host: 'CAMDUC', ip: '172.30.70.53', os.name: 'Windows 7', os.arch: 'amd64', os.version: '6.1', java.version: '1.8.0_191'
Driver info: driver.version: unknown
Build info: version: '3.141.5', revision: 'd54ebd709a', time: '2018-11-06T11:42:16'
System info: host: 'CAMDUC', ip: '172.30.70.53', os.name: 'Windows 7', os.arch: 'amd64', os.version: '6.1', java.version: '1.8.0_191'
Driver info: driver.version: unknown</error><system-err>Timed out after 20 seconds. Element not available
Build info: version: '3.141.5', revision: 'd54ebd709a', time: '2018-11-06T11:42:16'
System info: host: 'CAMDUC', ip: '172.30.70.53', os.name: 'Windows 7', os.arch: 'amd64', os.version: '6.1', java.version: '1.8.0_191'
Driver info: driver.version: unknown
Build info: version: '3.141.5', revision: 'd54ebd709a', time: '2018-11-06T11:42:16'
System info: host: 'CAMDUC', ip: '172.30.70.53', os.name: 'Windows 7', os.arch: 'amd64', os.version: '6.1', java.version: '1.8.0_191'
Driver info: driver.version: unknown&#13;
com.metrocuadrado.pages.HomeMetroPage.solicitaTuInmueble(HomeMetroPage.java:156)&#13;
com.metrocuadrado.steps.ToolsPropertyStep.homeMetroHerramientas(ToolsPropertyStep.java:20)&#13;
com.metrocuadrado.stepsdefinitions.ToolsPropertyStepDefinitions.wantToLookForAPropertyWithSpecificCharacteristics(ToolsPropertyStepDefinitions.java:17)&#13;
✽.want to look for a property with specific characteristics(src/test/resources/features/toolsProperty.feature:9)&#13;
</system-err></testcase><testcase name="Property record"/></testsuite>