<?xml version="1.0" encoding="UTF-8"?><testsuite errors="1" failures="0" name="Publish Property" skipped="0" tests="1" time="71.78" timestamp="2019-02-28 11:09:29"><testcase name="publish property inmobiliaria"><error message="Timed out after 20 seconds. Element not found&#10;For documentation on this error, please visit: http://seleniumhq.org/exceptions/no_such_element.html&#10;Build info: version: '3.141.5', revision: 'd54ebd709a', time: '2018-11-06T11:42:16'&#10;System info: host: 'CAMDUC', ip: '172.30.70.37', os.name: 'Windows 7', os.arch: 'amd64', os.version: '6.1', java.version: '1.8.0_191'&#10;Driver info: driver.version: unknown&#10;For documentation on this error, please visit: http://seleniumhq.org/exceptions/no_such_element.html&#10;Build info: version: '3.141.5', revision: 'd54ebd709a', time: '2018-11-06T11:42:16'&#10;System info: host: 'CAMDUC', ip: '172.30.70.37', os.name: 'Windows 7', os.arch: 'amd64', os.version: '6.1', java.version: '1.8.0_191'&#10;Driver info: driver.version: unknown" type="org.openqa.selenium.NoSuchElementException">Timed out after 20 seconds. Element not found
For documentation on this error, please visit: http://seleniumhq.org/exceptions/no_such_element.html
Build info: version: '3.141.5', revision: 'd54ebd709a', time: '2018-11-06T11:42:16'
System info: host: 'CAMDUC', ip: '172.30.70.37', os.name: 'Windows 7', os.arch: 'amd64', os.version: '6.1', java.version: '1.8.0_191'
Driver info: driver.version: unknown
For documentation on this error, please visit: http://seleniumhq.org/exceptions/no_such_element.html
Build info: version: '3.141.5', revision: 'd54ebd709a', time: '2018-11-06T11:42:16'
System info: host: 'CAMDUC', ip: '172.30.70.37', os.name: 'Windows 7', os.arch: 'amd64', os.version: '6.1', java.version: '1.8.0_191'
Driver info: driver.version: unknown</error><system-err>Timed out after 20 seconds. Element not found
For documentation on this error, please visit: http://seleniumhq.org/exceptions/no_such_element.html
Build info: version: '3.141.5', revision: 'd54ebd709a', time: '2018-11-06T11:42:16'
System info: host: 'CAMDUC', ip: '172.30.70.37', os.name: 'Windows 7', os.arch: 'amd64', os.version: '6.1', java.version: '1.8.0_191'
Driver info: driver.version: unknown
For documentation on this error, please visit: http://seleniumhq.org/exceptions/no_such_element.html
Build info: version: '3.141.5', revision: 'd54ebd709a', time: '2018-11-06T11:42:16'
System info: host: 'CAMDUC', ip: '172.30.70.37', os.name: 'Windows 7', os.arch: 'amd64', os.version: '6.1', java.version: '1.8.0_191'
Driver info: driver.version: unknown&#13;
com.metrocuadrado.pages.HomeMetroPage.Ingresar(HomeMetroPage.java:147)&#13;
com.metrocuadrado.steps.PublishPropertyStep.publicarInmobiliaria(PublishPropertyStep.java:94)&#13;
com.metrocuadrado.stepsdefinitions.PublishPropertyStepDefinitions.iWantToPublishAPropertyByInmobiliaria(PublishPropertyStepDefinitions.java:82)&#13;
✽.I want to publish a property by inmobiliaria(src/test/resources/features/publishProperty.feature:30)&#13;
</system-err></testcase></testsuite>